#! /usr/bin/vvp
:ivl_version "12.0 (stable)";
:ivl_delay_selection "TYPICAL";
:vpi_time_precision + 0;
:vpi_module "/usr/lib/x86_64-linux-gnu/ivl/system.vpi";
:vpi_module "/usr/lib/x86_64-linux-gnu/ivl/vhdl_sys.vpi";
:vpi_module "/usr/lib/x86_64-linux-gnu/ivl/vhdl_textio.vpi";
:vpi_module "/usr/lib/x86_64-linux-gnu/ivl/v2005_math.vpi";
:vpi_module "/usr/lib/x86_64-linux-gnu/ivl/va_math.vpi";
S_0x56d6a44dcd30 .scope module, "dispout_tb" "dispout_tb" 2 3;
 .timescale 0 0;
v0x56d6a44f79a0_0 .var "bcd_in", 15 0;
v0x56d6a44f7a80_0 .var "clk", 0 0;
v0x56d6a44f7b50_0 .net "data_out", 0 0, L_0x56d6a4508910;  1 drivers
v0x56d6a44f7c50_0 .var "reset", 0 0;
v0x56d6a44f7d20_0 .net "sending_data", 0 0, L_0x56d6a4508770;  1 drivers
S_0x56d6a44dcec0 .scope module, "disp1" "display_out" 2 11, 3 1 0, S_0x56d6a44dcd30;
 .timescale 0 0;
    .port_info 0 /INPUT 1 "clk";
    .port_info 1 /INPUT 1 "rst";
    .port_info 2 /INPUT 1 "enable";
    .port_info 3 /INPUT 16 "bcd_in";
    .port_info 4 /OUTPUT 1 "data_out";
    .port_info 5 /OUTPUT 1 "sending_data";
P_0x56d6a449b490 .param/l "Disp_0" 1 3 14, C4<11111100>;
P_0x56d6a449b4d0 .param/l "Disp_1" 1 3 15, C4<01100000>;
P_0x56d6a449b510 .param/l "Disp_2" 1 3 16, C4<11011010>;
P_0x56d6a449b550 .param/l "Disp_3" 1 3 17, C4<11110010>;
P_0x56d6a449b590 .param/l "Disp_4" 1 3 18, C4<01100110>;
P_0x56d6a449b5d0 .param/l "Disp_5" 1 3 19, C4<10110110>;
P_0x56d6a449b610 .param/l "Disp_6" 1 3 20, C4<10111110>;
P_0x56d6a449b650 .param/l "Disp_7" 1 3 21, C4<11100000>;
P_0x56d6a449b690 .param/l "Disp_8" 1 3 22, C4<11111110>;
P_0x56d6a449b6d0 .param/l "Disp_9" 1 3 23, C4<11110110>;
P_0x56d6a449b710 .param/l "Error_Disp" 1 3 24, C4<00000010>;
P_0x56d6a449b750 .param/l "send_interval" 0 3 55, C4<00000000000000000000000000011111>;
v0x56d6a44f6970_0 .net *"_ivl_1", 3 0, L_0x56d6a44f7dc0;  1 drivers
v0x56d6a44f6a70_0 .net *"_ivl_11", 7 0, L_0x56d6a44f8260;  1 drivers
v0x56d6a44f6b50_0 .net *"_ivl_13", 3 0, L_0x56d6a44f8370;  1 drivers
v0x56d6a44f6c10_0 .net *"_ivl_15", 7 0, L_0x56d6a44f8410;  1 drivers
L_0x7ddf70fb7018 .functor BUFT 1, C4<00000000000000000000000000011111>, C4<0>, C4<0>, C4<0>;
v0x56d6a44f6cf0_0 .net/2u *"_ivl_18", 31 0, L_0x7ddf70fb7018;  1 drivers
v0x56d6a44f6e20_0 .net *"_ivl_3", 7 0, L_0x56d6a44f7ee0;  1 drivers
v0x56d6a44f6f00_0 .net *"_ivl_5", 3 0, L_0x56d6a44f7fd0;  1 drivers
v0x56d6a44f6fe0_0 .net *"_ivl_7", 7 0, L_0x56d6a44f8070;  1 drivers
v0x56d6a44f70c0_0 .net *"_ivl_9", 3 0, L_0x56d6a44f81c0;  1 drivers
v0x56d6a44f71a0_0 .net "bcd_in", 15 0, v0x56d6a44f79a0_0;  1 drivers
v0x56d6a44f7280_0 .net "clk", 0 0, v0x56d6a44f7a80_0;  1 drivers
v0x56d6a44f7340_0 .net "data_out", 0 0, L_0x56d6a4508910;  alias, 1 drivers
L_0x7ddf70fb7060 .functor BUFT 1, C4<1>, C4<0>, C4<0>, C4<0>;
v0x56d6a44f7400_0 .net "enable", 0 0, L_0x7ddf70fb7060;  1 drivers
v0x56d6a44f74c0_0 .var "interval_counter", 31 0;
v0x56d6a44f75a0_0 .net "rst", 0 0, v0x56d6a44f7c50_0;  1 drivers
v0x56d6a44f7660_0 .net "segment_data_calc", 31 0, L_0x56d6a44f8550;  1 drivers
v0x56d6a44f7740_0 .var "segment_data_out", 31 0;
v0x56d6a44f7820_0 .net "sending_data", 0 0, L_0x56d6a4508770;  alias, 1 drivers
E_0x56d6a44d6ef0 .event negedge, v0x56d6a44f7280_0;
L_0x56d6a44f7dc0 .part v0x56d6a44f79a0_0, 0, 4;
L_0x56d6a44f7ee0 .ufunc/vec4 TD_dispout_tb.disp1.bcd2seg, 8, L_0x56d6a44f7dc0 (v0x56d6a44ca3c0_0) S_0x56d6a44ca1c0;
L_0x56d6a44f7fd0 .part v0x56d6a44f79a0_0, 4, 4;
L_0x56d6a44f8070 .ufunc/vec4 TD_dispout_tb.disp1.bcd2seg, 8, L_0x56d6a44f7fd0 (v0x56d6a44ca3c0_0) S_0x56d6a44ca1c0;
L_0x56d6a44f81c0 .part v0x56d6a44f79a0_0, 8, 4;
L_0x56d6a44f8260 .ufunc/vec4 TD_dispout_tb.disp1.bcd2seg, 8, L_0x56d6a44f81c0 (v0x56d6a44ca3c0_0) S_0x56d6a44ca1c0;
L_0x56d6a44f8370 .part v0x56d6a44f79a0_0, 12, 4;
L_0x56d6a44f8410 .ufunc/vec4 TD_dispout_tb.disp1.bcd2seg, 8, L_0x56d6a44f8370 (v0x56d6a44ca3c0_0) S_0x56d6a44ca1c0;
L_0x56d6a44f8550 .concat [ 8 8 8 8], L_0x56d6a44f8410, L_0x56d6a44f8260, L_0x56d6a44f8070, L_0x56d6a44f7ee0;
L_0x56d6a4508770 .cmp/eq 32, v0x56d6a44f74c0_0, L_0x7ddf70fb7018;
L_0x56d6a4508910 .part v0x56d6a44f7740_0, 0, 1;
S_0x56d6a44ca1c0 .scope function.vec4.s8, "bcd2seg" "bcd2seg" 3 26, 3 26 0, S_0x56d6a44dcec0;
 .timescale 0 0;
v0x56d6a44ca3c0_0 .var "b", 3 0;
; Variable bcd2seg is vec4 return value of scope S_0x56d6a44ca1c0
TD_dispout_tb.disp1.bcd2seg ;
    %load/vec4 v0x56d6a44ca3c0_0;
    %dup/vec4;
    %pushi/vec4 0, 0, 4;
    %cmp/u;
    %jmp/1 T_0.0, 6;
    %dup/vec4;
    %pushi/vec4 1, 0, 4;
    %cmp/u;
    %jmp/1 T_0.1, 6;
    %dup/vec4;
    %pushi/vec4 2, 0, 4;
    %cmp/u;
    %jmp/1 T_0.2, 6;
    %dup/vec4;
    %pushi/vec4 3, 0, 4;
    %cmp/u;
    %jmp/1 T_0.3, 6;
    %dup/vec4;
    %pushi/vec4 4, 0, 4;
    %cmp/u;
    %jmp/1 T_0.4, 6;
    %dup/vec4;
    %pushi/vec4 5, 0, 4;
    %cmp/u;
    %jmp/1 T_0.5, 6;
    %dup/vec4;
    %pushi/vec4 6, 0, 4;
    %cmp/u;
    %jmp/1 T_0.6, 6;
    %dup/vec4;
    %pushi/vec4 7, 0, 4;
    %cmp/u;
    %jmp/1 T_0.7, 6;
    %dup/vec4;
    %pushi/vec4 8, 0, 4;
    %cmp/u;
    %jmp/1 T_0.8, 6;
    %dup/vec4;
    %pushi/vec4 9, 0, 4;
    %cmp/u;
    %jmp/1 T_0.9, 6;
    %pushi/vec4 2, 0, 8;
    %ret/vec4 0, 0, 8;  Assign to bcd2seg (store_vec4_to_lval)
    %jmp T_0.11;
T_0.0 ;
    %pushi/vec4 252, 0, 8;
    %ret/vec4 0, 0, 8;  Assign to bcd2seg (store_vec4_to_lval)
    %jmp T_0.11;
T_0.1 ;
    %pushi/vec4 96, 0, 8;
    %ret/vec4 0, 0, 8;  Assign to bcd2seg (store_vec4_to_lval)
    %jmp T_0.11;
T_0.2 ;
    %pushi/vec4 218, 0, 8;
    %ret/vec4 0, 0, 8;  Assign to bcd2seg (store_vec4_to_lval)
    %jmp T_0.11;
T_0.3 ;
    %pushi/vec4 242, 0, 8;
    %ret/vec4 0, 0, 8;  Assign to bcd2seg (store_vec4_to_lval)
    %jmp T_0.11;
T_0.4 ;
    %pushi/vec4 102, 0, 8;
    %ret/vec4 0, 0, 8;  Assign to bcd2seg (store_vec4_to_lval)
    %jmp T_0.11;
T_0.5 ;
    %pushi/vec4 182, 0, 8;
    %ret/vec4 0, 0, 8;  Assign to bcd2seg (store_vec4_to_lval)
    %jmp T_0.11;
T_0.6 ;
    %pushi/vec4 190, 0, 8;
    %ret/vec4 0, 0, 8;  Assign to bcd2seg (store_vec4_to_lval)
    %jmp T_0.11;
T_0.7 ;
    %pushi/vec4 224, 0, 8;
    %ret/vec4 0, 0, 8;  Assign to bcd2seg (store_vec4_to_lval)
    %jmp T_0.11;
T_0.8 ;
    %pushi/vec4 254, 0, 8;
    %ret/vec4 0, 0, 8;  Assign to bcd2seg (store_vec4_to_lval)
    %jmp T_0.11;
T_0.9 ;
    %pushi/vec4 246, 0, 8;
    %ret/vec4 0, 0, 8;  Assign to bcd2seg (store_vec4_to_lval)
    %jmp T_0.11;
T_0.11 ;
    %pop/vec4 1;
    %end;
    .scope S_0x56d6a44dcec0;
T_1 ;
    %wait E_0x56d6a44d6ef0;
    %load/vec4 v0x56d6a44f75a0_0;
    %flag_set/vec4 8;
    %jmp/0xz  T_1.0, 8;
    %pushi/vec4 0, 0, 32;
    %assign/vec4 v0x56d6a44f74c0_0, 0;
    %pushi/vec4 0, 0, 32;
    %assign/vec4 v0x56d6a44f7740_0, 0;
    %jmp T_1.1;
T_1.0 ;
    %load/vec4 v0x56d6a44f7400_0;
    %flag_set/vec4 8;
    %jmp/0xz  T_1.2, 8;
    %load/vec4 v0x56d6a44f74c0_0;
    %cmpi/e 0, 0, 32;
    %jmp/0xz  T_1.4, 4;
    %load/vec4 v0x56d6a44f7660_0;
    %assign/vec4 v0x56d6a44f7740_0, 0;
    %jmp T_1.5;
T_1.4 ;
    %load/vec4 v0x56d6a44f7740_0;
    %ix/load 4, 1, 0;
    %flag_set/imm 4, 0;
    %shiftr 4;
    %assign/vec4 v0x56d6a44f7740_0, 0;
T_1.5 ;
    %load/vec4 v0x56d6a44f74c0_0;
    %cmpi/u 31, 0, 32;
    %flag_or 5, 4;
    %jmp/0xz  T_1.6, 5;
    %load/vec4 v0x56d6a44f74c0_0;
    %addi 1, 0, 32;
    %assign/vec4 v0x56d6a44f74c0_0, 0;
    %jmp T_1.7;
T_1.6 ;
    %pushi/vec4 0, 0, 32;
    %assign/vec4 v0x56d6a44f74c0_0, 0;
T_1.7 ;
T_1.2 ;
T_1.1 ;
    %jmp T_1;
    .thread T_1;
    .scope S_0x56d6a44dcd30;
T_2 ;
    %pushi/vec4 0, 0, 1;
    %assign/vec4 v0x56d6a44f7a80_0, 0;
    %pushi/vec4 1, 0, 1;
    %assign/vec4 v0x56d6a44f7c50_0, 0;
    %pushi/vec4 9585, 0, 16;
    %assign/vec4 v0x56d6a44f79a0_0, 0;
    %end;
    .thread T_2;
    .scope S_0x56d6a44dcd30;
T_3 ;
    %delay 5, 0;
    %load/vec4 v0x56d6a44f7a80_0;
    %inv;
    %store/vec4 v0x56d6a44f7a80_0, 0, 1;
    %jmp T_3;
    .thread T_3;
    .scope S_0x56d6a44dcd30;
T_4 ;
    %vpi_call 2 32 "$dumpfile", "1.vcd" {0 0 0};
    %vpi_call 2 33 "$dumpvars", 32'sb00000000000000000000000000000011 {0 0 0};
    %delay 10, 0;
    %pushi/vec4 0, 0, 1;
    %assign/vec4 v0x56d6a44f7c50_0, 0;
    %delay 9000, 0;
    %vpi_call 2 36 "$finish" {0 0 0};
    %end;
    .thread T_4;
# The file index is used to find the file name in the following table.
:file_names 4;
    "N/A";
    "<interactive>";
    "display_tb.v";
    "display_out.v";
